<?xml version="1.0" encoding="UTF-8"?>
<testng-results skipped="0" failed="0" ignored="0" total="1" passed="1">
  <reporter-output>
  </reporter-output>
  <suite name="Default suite" duration-ms="26814" started-at="2017-11-15T04:44:02Z" finished-at="2017-11-15T04:44:29Z">
    <groups>
    </groups>
    <test name="Default test" duration-ms="26814" started-at="2017-11-15T04:44:02Z" finished-at="2017-11-15T04:44:29Z">
      <class name="com.craftsvilla.test.TestCart">
        <test-method status="PASS" signature="openApp()[pri:0, instance:com.craftsvilla.test.TestCart@5f2108b5]" name="openApp" is-config="true" duration-ms="20438" started-at="2017-11-15T10:14:02Z" finished-at="2017-11-15T10:14:22Z">
          <reporter-output>
          </reporter-output>
        </test-method> <!-- openApp -->
        <test-method status="PASS" signature="testCartDetails()[pri:0, instance:com.craftsvilla.test.TestCart@5f2108b5]" name="testCartDetails" duration-ms="6200" started-at="2017-11-15T10:14:22Z" finished-at="2017-11-15T10:14:28Z">
          <reporter-output>
          </reporter-output>
        </test-method> <!-- testCartDetails -->
        <test-method status="PASS" signature="closeApp()[pri:0, instance:com.craftsvilla.test.TestCart@5f2108b5]" name="closeApp" is-config="true" duration-ms="129" started-at="2017-11-15T10:14:28Z" finished-at="2017-11-15T10:14:29Z">
          <reporter-output>
          </reporter-output>
        </test-method> <!-- closeApp -->
      </class> <!-- com.craftsvilla.test.TestCart -->
    </test> <!-- Default test -->
  </suite> <!-- Default suite -->
</testng-results>
